Shauni 1.0.1.81a - Built at 2017-05-09 12:08
Copyright (c) 2017, 2016, Filippo Testino. All rights reserved.

Command -->
  exp -format=tab -tables=sys.dba_source,sys.dba_registry -parallel=3 -cluster=2 -directory=out -filename=%t-%d_[%n-%w%u]

Session thread-1 started at 13:48:42.552

Session thread-2 started at 13:48:42.553

  Note: parallelism enabled (requested: 3, adjusted: 2)

Connection pool exception
  ->  Cannot create PoolableConnectionFactory (IO Error: The Network Adapter could not establish the connection)
> Worker 0 could not connect to EMREP@H3MIH230.CED.H3G.IT
Connection pool exception
  ->  Cannot create PoolableConnectionFactory (IO Error: The Network Adapter could not establish the connection)
> Worker 1 could not connect to EMREP@H3MIH230.CED.H3G.IT
Session thread-2 task #0 finished in 0.054 ms

Session thread-2 completed at 13:48:42.632 with 0 warning(s)
Elapsed time: 0.054 s
Connection pool exception
  ->  Cannot create PoolableConnectionFactory (Listener refused the connection with the following error:
ORA-12505, TNS:listener does not currently know of SID given in connect descriptor
 )
> Worker 1 could not connect to XE@CHIARA
Connection pool exception
  ->  Cannot create PoolableConnectionFactory (Listener refused the connection with the following error:
ORA-12505, TNS:listener does not currently know of SID given in connect descriptor
 )
> Worker 0 could not connect to XE@CHIARA
Session thread-1 task #0 finished in 0.077 ms
Connection pool exception
  ->  Cannot create PoolableConnectionFactory (IO Error: The Network Adapter could not establish the connection)
> Worker 0 could not connect to ERMTS1@10.200.12.120
Connection pool exception
  ->  Cannot create PoolableConnectionFactory (IO Error: The Network Adapter could not establish the connection)
> Worker 1 could not connect to ERMTS1@10.200.12.120
Session thread-1 task #1 finished in 4.002 ms

Session thread-1 completed at 13:48:46.658 with 0 warning(s)
Elapsed time: 4.079 s

Summary:
 -> [exp]	min: 54 ms	max: 4079 ms	avg: 2066 ms
